#
# A fatal error has been detected by the Java Runtime Environment:
#
#  Internal Error (classFileParser.cpp:3494), pid=652, tid=1668
#  Error: ShouldNotReachHere()
#
# JRE version: 6.0_25-b06
# Java VM: Java HotSpot(TM) Client VM (20.0-b11 mixed mode windows-x86 )
# If you would like to submit a bug report, please visit:
#   http://java.sun.com/webapps/bugreport/crash.jsp
#

---------------  T H R E A D  ---------------

Current thread (0x0038a400):  JavaThread "Unknown thread" [_thread_in_vm, id=1668, stack(0x00390000,0x003e0000)]

Stack: [0x00390000,0x003e0000],  sp=0x003df86c,  free space=318k
Native frames: (J=compiled Java code, j=interpreted, Vv=VM code, C=native code)
V  [jvm.dll+0x13363a]
V  [jvm.dll+0x12e59b]
V  [jvm.dll+0x164ce]
V  [jvm.dll+0x17cff]
V  [jvm.dll+0x26de5]
V  [jvm.dll+0x27626]
V  [jvm.dll+0x279d5]
V  [jvm.dll+0x27a69]
V  [jvm.dll+0x27b2c]
V  [jvm.dll+0x27baa]
V  [jvm.dll+0x27c8d]
V  [jvm.dll+0x27f59]
V  [jvm.dll+0x6c593]
V  [jvm.dll+0x6c96c]
V  [jvm.dll+0xf9c1c]
V  [jvm.dll+0x1184bb]
V  [jvm.dll+0x9eba0]
C  [javaw.exe+0x1657]
C  [javaw.exe+0x1e2c]
C  [javaw.exe+0x8614]
C  [kernel32.dll+0x51154]  BaseThreadInitThunk+0x12
C  [ntdll.dll+0x5b299]  RtlInitializeExceptionChain+0x63
C  [ntdll.dll+0x5b26c]  RtlInitializeExceptionChain+0x36


---------------  P R O C E S S  ---------------

Java Threads: ( => current thread )

Other Threads:

=>0x0038a400 (exited) JavaThread "Unknown thread" [_thread_in_vm, id=1668, stack(0x00390000,0x003e0000)]

VM state:not at safepoint (not fully initialized)

VM Mutex/Monitor currently owned by a thread: None

Dynamic libraries:
0x00400000 - 0x00424000 	C:\Program Files\Java\jre6\bin\javaw.exe
0x77100000 - 0x7723c000 	C:\Windows\SYSTEM32\ntdll.dll
0x76d40000 - 0x76e14000 	C:\Windows\system32\kernel32.dll
0x75340000 - 0x7538b000 	C:\Windows\system32\KERNELBASE.dll
0x76680000 - 0x76720000 	C:\Windows\system32\ADVAPI32.dll
0x76c00000 - 0x76cac000 	C:\Windows\system32\msvcrt.dll
0x77240000 - 0x77259000 	C:\Windows\SYSTEM32\sechost.dll
0x76990000 - 0x76a31000 	C:\Windows\system32\RPCRT4.dll
0x75620000 - 0x756e9000 	C:\Windows\system32\USER32.dll
0x755d0000 - 0x7561e000 	C:\Windows\system32\GDI32.dll
0x75790000 - 0x7579a000 	C:\Windows\system32\LPK.dll
0x756f0000 - 0x7578d000 	C:\Windows\system32\USP10.dll
0x77280000 - 0x7729f000 	C:\Windows\system32\IMM32.DLL
0x757b0000 - 0x7587c000 	C:\Windows\system32\MSCTF.dll
0x7c340000 - 0x7c396000 	C:\Program Files\Java\jre6\bin\msvcr71.dll
0x6d7f0000 - 0x6da9f000 	C:\Program Files\Java\jre6\bin\client\jvm.dll
0x70d70000 - 0x70da2000 	C:\Windows\system32\WINMM.dll
0x751c0000 - 0x7520b000 	C:\Windows\system32\apphelp.dll
0x6d7a0000 - 0x6d7ac000 	C:\Program Files\Java\jre6\bin\verify.dll
0x6d320000 - 0x6d33f000 	C:\Program Files\Java\jre6\bin\java.dll
0x757a0000 - 0x757a5000 	C:\Windows\system32\PSAPI.DLL
0x6d370000 - 0x6d399000 	C:\Program Files\Java\jre6\bin\jdwp.dll
0x6d690000 - 0x6d696000 	C:\Program Files\Java\jre6\bin\npt.dll
0x6d7e0000 - 0x6d7ef000 	C:\Program Files\Java\jre6\bin\zip.dll

VM Arguments:
jvm_args: -agentlib:jdwp=transport=dt_socket,suspend=y,address=localhost:57238 -Dfile.encoding=UTF-8 -Xbootclasspath/p:D:\Program Files\android-sdk-windows\platforms\android-4.1\android.jar 
java_command: com.souldak.model.WordItem
Launcher Type: SUN_STANDARD

Environment Variables:
JAVA_HOME=C:\Program Files\Java\jdk1.6.0_25
CLASSPATH=.;C:\Program Files\Java\jre6\lib\ext\QTJava.zip
PATH=C:/Program Files/Java/jre6/bin/client;C:/Program Files/Java/jre6/bin;C:/Program Files/Java/jre6/lib/i386;D:\Program Files\SuperMap\SuperMap Objects .NET 6R\Bin;C:\Program Files\PC Connectivity Solution\;C:\Windows\system32;C:\Windows;C:\Windows\System32\Wbem;C:\Windows\System32\WindowsPowerShell\v1.0\;C:\Program Files\Java\jdk1.6.0_25\bin;C:\Program Files\Microsoft SQL Server\90\Tools\binn\;D:\Program Files\CTEX\UserData\miktex\bin;D:\Program Files\CTEX\MiKTeX\miktex\bin;D:\Program Files\CTEX\CTeX\ctex\bin;D:\Program Files\CTEX\CTeX\cct\bin;D:\Program Files\CTEX\CTeX\ty\bin;D:\Program Files\CTEX\Ghostscript\gs9.04\bin;D:\Program Files\CTEX\GSview\gsview;D:\Program Files\CTEX\WinEdt;D:\Program Files\QuickTime\QTSystem\;D:\Program Files\MATLAB\R2010b\runtime\win32;D:\Program Files\MATLAB\R2010b\bin;D:\Program Files\eclipse;
USERNAME=abing
OS=Windows_NT
PROCESSOR_IDENTIFIER=x86 Family 6 Model 15 Stepping 13, GenuineIntel



---------------  S Y S T E M  ---------------

OS: Windows 7 Build 7600 

CPU:total 2 (2 cores per cpu, 1 threads per core) family 6 model 15 stepping 13, cmov, cx8, fxsr, mmx, sse, sse2, sse3, ssse3

Memory: 4k page, physical 2061620k(777576k free), swap 4123240k(1960492k free)

vm_info: Java HotSpot(TM) Client VM (20.0-b11) for windows-x86 JRE (1.6.0_25-b06), built on Apr 14 2011 01:04:32 by "java_re" with MS VC++ 7.1 (VS2003)

time: Sun Oct 21 22:51:24 2012
elapsed time: 0 seconds

