#
# A fatal error has been detected by the Java Runtime Environment:
#
#  Internal Error (classFileParser.cpp:3494), pid=5012, tid=5672
#  Error: ShouldNotReachHere()
#
# JRE version: 6.0_25-b06
# Java VM: Java HotSpot(TM) Client VM (20.0-b11 mixed mode windows-x86 )
# If you would like to submit a bug report, please visit:
#   http://java.sun.com/webapps/bugreport/crash.jsp
#

---------------  T H R E A D  ---------------

Current thread (0x001d9800):  JavaThread "Unknown thread" [_thread_in_vm, id=5672, stack(0x00170000,0x001c0000)]

Stack: [0x00170000,0x001c0000],  sp=0x001bf86c,  free space=318k
Native frames: (J=compiled Java code, j=interpreted, Vv=VM code, C=native code)
V  [jvm.dll+0x13363a]
V  [jvm.dll+0x12e59b]
V  [jvm.dll+0x164ce]
V  [jvm.dll+0x17cff]
V  [jvm.dll+0x26de5]
V  [jvm.dll+0x27626]
V  [jvm.dll+0x279d5]
V  [jvm.dll+0x27a69]
V  [jvm.dll+0x27b2c]
V  [jvm.dll+0x27baa]
V  [jvm.dll+0x27c8d]
V  [jvm.dll+0x27f59]
V  [jvm.dll+0x6c593]
V  [jvm.dll+0x6c96c]
V  [jvm.dll+0xf9c1c]
V  [jvm.dll+0x1184bb]
V  [jvm.dll+0x9eba0]
C  [javaw.exe+0x1657]
C  [javaw.exe+0x1e2c]
C  [javaw.exe+0x8614]
C  [kernel32.dll+0x51114]  BaseThreadInitThunk+0x12
C  [ntdll.dll+0x5b299]  RtlInitializeExceptionChain+0x63
C  [ntdll.dll+0x5b26c]  RtlInitializeExceptionChain+0x36


---------------  P R O C E S S  ---------------

Java Threads: ( => current thread )

Other Threads:

=>0x001d9800 (exited) JavaThread "Unknown thread" [_thread_in_vm, id=5672, stack(0x00170000,0x001c0000)]

VM state:not at safepoint (not fully initialized)

VM Mutex/Monitor currently owned by a thread: None

Dynamic libraries:
0x00400000 - 0x00424000 	C:\Program Files\Java\jdk1.6.0_25\bin\javaw.exe
0x77d70000 - 0x77eac000 	C:\Windows\SYSTEM32\ntdll.dll
0x775f0000 - 0x776c4000 	C:\Windows\system32\kernel32.dll
0x75fb0000 - 0x75ffa000 	C:\Windows\system32\KERNELBASE.dll
0x772b0000 - 0x77350000 	C:\Windows\system32\ADVAPI32.dll
0x77890000 - 0x7793c000 	C:\Windows\system32\msvcrt.dll
0x770c0000 - 0x770d9000 	C:\Windows\SYSTEM32\sechost.dll
0x777e0000 - 0x77881000 	C:\Windows\system32\RPCRT4.dll
0x77710000 - 0x777d9000 	C:\Windows\system32\USER32.dll
0x76e60000 - 0x76eae000 	C:\Windows\system32\GDI32.dll
0x77f90000 - 0x77f9a000 	C:\Windows\system32\LPK.dll
0x76ec0000 - 0x76f5d000 	C:\Windows\system32\USP10.dll
0x77eb0000 - 0x77ecf000 	C:\Windows\system32\IMM32.DLL
0x77ae0000 - 0x77bac000 	C:\Windows\system32\MSCTF.dll
0x7c340000 - 0x7c396000 	C:\Program Files\Java\jdk1.6.0_25\jre\bin\msvcr71.dll
0x6d8a0000 - 0x6db4f000 	C:\Program Files\Java\jdk1.6.0_25\jre\bin\client\jvm.dll
0x71bc0000 - 0x71bf2000 	C:\Windows\system32\WINMM.dll
0x75e30000 - 0x75e7b000 	C:\Windows\system32\apphelp.dll
0x6d850000 - 0x6d85c000 	C:\Program Files\Java\jdk1.6.0_25\jre\bin\verify.dll
0x6d3d0000 - 0x6d3ef000 	C:\Program Files\Java\jdk1.6.0_25\jre\bin\java.dll
0x76eb0000 - 0x76eb5000 	C:\Windows\system32\PSAPI.DLL
0x6d890000 - 0x6d89f000 	C:\Program Files\Java\jdk1.6.0_25\jre\bin\zip.dll

VM Arguments:
jvm_args: -Dfile.encoding=GBK -Xbootclasspath:D:\Program Files\android-sdk-windows\platforms\android-4.1\android.jar 
java_command: com.souldak.util.JSONHelper
Launcher Type: SUN_STANDARD

Environment Variables:
JAVA_HOME=C:\Program Files\Java\jdk1.6.0_25
CLASSPATH=.;C:\Program Files\Java\jre6\lib\ext\QTJava.zip
PATH=C:/Program Files/Java/jre6/bin/client;C:/Program Files/Java/jre6/bin;C:/Program Files/Java/jre6/lib/i386;D:\Program Files\SuperMap\SuperMap Objects .NET 6R\Bin;C:\Program Files\PC Connectivity Solution\;C:\Windows\system32;C:\Windows;C:\Windows\System32\Wbem;C:\Windows\System32\WindowsPowerShell\v1.0\;C:\Program Files\Java\jdk1.6.0_25\bin;C:\Program Files\Microsoft SQL Server\90\Tools\binn\;D:\Program Files\CTEX\UserData\miktex\bin;D:\Program Files\CTEX\MiKTeX\miktex\bin;D:\Program Files\CTEX\CTeX\ctex\bin;D:\Program Files\CTEX\CTeX\cct\bin;D:\Program Files\CTEX\CTeX\ty\bin;D:\Program Files\CTEX\Ghostscript\gs9.04\bin;D:\Program Files\CTEX\GSview\gsview;D:\Program Files\CTEX\WinEdt;D:\Program Files\QuickTime\QTSystem\;D:\Program Files\MATLAB\R2010b\runtime\win32;D:\Program Files\MATLAB\R2010b\bin;D:\Program Files\eclipse;
USERNAME=abing
OS=Windows_NT
PROCESSOR_IDENTIFIER=x86 Family 6 Model 15 Stepping 13, GenuineIntel



---------------  S Y S T E M  ---------------

OS: Windows 7 Build 7600 

CPU:total 2 (2 cores per cpu, 1 threads per core) family 6 model 15 stepping 13, cmov, cx8, fxsr, mmx, sse, sse2, sse3, ssse3

Memory: 4k page, physical 2061620k(813424k free), swap 4123240k(2188400k free)

vm_info: Java HotSpot(TM) Client VM (20.0-b11) for windows-x86 JRE (1.6.0_25-b06), built on Apr 14 2011 01:04:32 by "java_re" with MS VC++ 7.1 (VS2003)

time: Thu Sep 13 09:51:48 2012
elapsed time: 0 seconds

